<?xml version="1.0" encoding="UTF-8"?>
<!-- Generated by org.testng.reporters.JUnitReportReporter -->
<testsuite hostname="DESKTOP-28UFOA0" name="com.automation.spot.testcase.LoginTestCase" tests="1" failures="0" timestamp="16 Nov 2016 17:42:31 GMT" time="0.714" errors="0">
  <testcase name="loginIntoApp" time="0.714" classname="com.automation.spot.testcase.LoginTestCase"/>
</testsuite> <!-- com.automation.spot.testcase.LoginTestCase -->
